DEPRECATION: Python 2.7 reached the end of its life on January 1st, 2020. Please upgrade your Python as Python 2.7 is no longer maintained. pip 21.0 will drop support for Python 2.7 in January 2021. More details about Python 2 support in pip can be found at https://pip.pypa.io/en/latest/development/release-process/#python-2-support pip 21.0 will remove support for this functionality.
Processing /Users/dogfood/Library/Caches/pip/wheels/b1/a2/0f/2ab5db420311822af398d5cba65c86d0317466556a4bb90449/transformers-2.3.0-py2-none-any.whl
Requirement already satisfied: requests in /Library/Frameworks/Python.framework/Versions/2.7/lib/python2.7/site-packages (from transformers) (2.27.1)
Collecting regex!=2019.12.17
  Using cached regex-2022.1.18.tar.gz (382 kB)
Processing /Users/dogfood/Library/Caches/pip/wheels/ba/fc/61/b63f2d8ad8ccd9ef20817e9f5671446afb6373971f9ee101cd/sacremoses-0.0.53-py2-none-any.whl
Requirement already satisfied: tqdm in /Library/Frameworks/Python.framework/Versions/2.7/lib/python2.7/site-packages (from transformers) (4.64.1)
Collecting sentencepiece
  Using cached sentencepiece-0.1.97.tar.gz (524 kB)
Requirement already satisfied: boto3 in /Library/Frameworks/Python.framework/Versions/2.7/lib/python2.7/site-packages (from transformers) (1.17.112)
Requirement already satisfied: numpy in /Library/Frameworks/Python.framework/Versions/2.7/lib/python2.7/site-packages (from transformers) (1.16.6)
Requirement already satisfied: urllib3<1.27,>=1.21.1 in /Library/Frameworks/Python.framework/Versions/2.7/lib/python2.7/site-packages (from requests->transformers) (1.26.15)
Requirement already satisfied: certifi>=2017.4.17 in /Library/Frameworks/Python.framework/Versions/2.7/lib/python2.7/site-packages (from requests->transformers) (2021.10.8)
Requirement already satisfied: chardet<5,>=3.0.2; python_version < "3" in /Library/Frameworks/Python.framework/Versions/2.7/lib/python2.7/site-packages (from requests->transformers) (4.0.0)
Requirement already satisfied: idna<3,>=2.5; python_version < "3" in /Library/Frameworks/Python.framework/Versions/2.7/lib/python2.7/site-packages (from requests->transformers) (2.10)
Collecting click
  Using cached click-7.1.2-py2.py3-none-any.whl (82 kB)
Requirement already satisfied: six in /Library/Frameworks/Python.framework/Versions/2.7/lib/python2.7/site-packages (from sacremoses->transformers) (1.16.0)
Collecting joblib
  Using cached joblib-0.14.1-py2.py3-none-any.whl (294 kB)
Requirement already satisfied: importlib-resources; python_version < "3.7" in /Library/Frameworks/Python.framework/Versions/2.7/lib/python2.7/site-packages (from tqdm->transformers) (3.3.1)
Requirement already satisfied: s3transfer<0.5.0,>=0.4.0 in /Library/Frameworks/Python.framework/Versions/2.7/lib/python2.7/site-packages (from boto3->transformers) (0.4.2)
Requirement already satisfied: jmespath<1.0.0,>=0.7.1 in /Library/Frameworks/Python.framework/Versions/2.7/lib/python2.7/site-packages (from boto3->transformers) (0.10.0)
Requirement already satisfied: botocore<1.21.0,>=1.20.112 in /Library/Frameworks/Python.framework/Versions/2.7/lib/python2.7/site-packages (from boto3->transformers) (1.20.112)
Requirement already satisfied: pathlib2; python_version < "3" in /Library/Frameworks/Python.framework/Versions/2.7/lib/python2.7/site-packages (from importlib-resources; python_version < "3.7"->tqdm->transformers) (2.3.7.post1)
Requirement already satisfied: contextlib2; python_version < "3" in /Library/Frameworks/Python.framework/Versions/2.7/lib/python2.7/site-packages (from importlib-resources; python_version < "3.7"->tqdm->transformers) (0.6.0.post1)
Requirement already satisfied: typing; python_version < "3.5" in /Library/Frameworks/Python.framework/Versions/2.7/lib/python2.7/site-packages (from importlib-resources; python_version < "3.7"->tqdm->transformers) (3.10.0.0)
Requirement already satisfied: zipp>=0.4; python_version < "3.8" in /Library/Frameworks/Python.framework/Versions/2.7/lib/python2.7/site-packages (from importlib-resources; python_version < "3.7"->tqdm->transformers) (1.2.0)
Requirement already satisfied: singledispatch; python_version < "3.4" in /Library/Frameworks/Python.framework/Versions/2.7/lib/python2.7/site-packages (from importlib-resources; python_version < "3.7"->tqdm->transformers) (3.7.0)
Requirement already satisfied: futures<4.0.0,>=2.2.0; python_version == "2.7" in /Library/Frameworks/Python.framework/Versions/2.7/lib/python2.7/site-packages (from s3transfer<0.5.0,>=0.4.0->boto3->transformers) (3.4.0)
Requirement already satisfied: python-dateutil<3.0.0,>=2.1 in /Library/Frameworks/Python.framework/Versions/2.7/lib/python2.7/site-packages (from botocore<1.21.0,>=1.20.112->boto3->transformers) (2.8.2)
Requirement already satisfied: scandir; python_version < "3.5" in /Library/Frameworks/Python.framework/Versions/2.7/lib/python2.7/site-packages (from pathlib2; python_version < "3"->importlib-resources; python_version < "3.7"->tqdm->transformers) (1.10.0)
Building wheels for collected packages: regex, sentencepiece
  Building wheel for regex (setup.py): started
  Building wheel for regex (setup.py): finished with status 'error'
  ERROR: Command errored out with exit status 1:
   command: /Library/Frameworks/Python.framework/Versions/2.7/Resources/Python.app/Contents/MacOS/Python -u -c 'import sys, setuptools, tokenize; sys.argv[0] = '"'"'/private/var/folders/62/kz3n794d7s72h1k6l5k61zjh0000gp/T/pip-install-CHM6kn/regex/setup.py'"'"'; __file__='"'"'/private/var/folders/62/kz3n794d7s72h1k6l5k61zjh0000gp/T/pip-install-CHM6kn/regex/setup.py'"'"';f=getattr(tokenize, '"'"'open'"'"', open)(__file__);code=f.read().replace('"'"'\r\n'"'"', '"'"'\n'"'"');f.close();exec(compile(code, __file__, '"'"'exec'"'"'))' bdist_wheel -d /private/var/folders/62/kz3n794d7s72h1k6l5k61zjh0000gp/T/pip-wheel-HZfBAK
       cwd: /private/var/folders/62/kz3n794d7s72h1k6l5k61zjh0000gp/T/pip-install-CHM6kn/regex/
  Complete output (87 lines):
  running bdist_wheel
  running build
  running build_py
  creating build
  creating build/lib.macosx-10.9-x86_64-2.7
  creating build/lib.macosx-10.9-x86_64-2.7/regex
  copying regex_3/__init__.py -> build/lib.macosx-10.9-x86_64-2.7/regex
  copying regex_3/regex.py -> build/lib.macosx-10.9-x86_64-2.7/regex
  copying regex_3/_regex_core.py -> build/lib.macosx-10.9-x86_64-2.7/regex
  copying regex_3/test_regex.py -> build/lib.macosx-10.9-x86_64-2.7/regex
  running build_ext
  building 'regex._regex' extension
  creating build/temp.macosx-10.9-x86_64-2.7
  creating build/temp.macosx-10.9-x86_64-2.7/regex_3
  gcc -fno-strict-aliasing -fno-common -dynamic -arch x86_64 -g -DNDEBUG -g -fwrapv -O3 -Wall -Wstrict-prototypes -I/Library/Frameworks/Python.framework/Versions/2.7/include/python2.7 -c regex_3/_regex.c -o build/temp.macosx-10.9-x86_64-2.7/regex_3/_regex.o
  regex_3/_regex.c:755:23: error: expected expression
      return *((Py_UCS1*)text + pos);
                        ^
  regex_3/_regex.c:755:15: error: use of undeclared identifier 'Py_UCS1'
      return *((Py_UCS1*)text + pos);
                ^
  regex_3/_regex.c:760:16: error: expected expression
      *((Py_UCS1*)text + pos) = (Py_UCS1)ch;
                 ^
  regex_3/_regex.c:760:8: error: use of undeclared identifier 'Py_UCS1'
      *((Py_UCS1*)text + pos) = (Py_UCS1)ch;
         ^
  regex_3/_regex.c:760:32: error: use of undeclared identifier 'Py_UCS1'
      *((Py_UCS1*)text + pos) = (Py_UCS1)ch;
                                 ^
  regex_3/_regex.c:765:21: error: expected expression
      return (Py_UCS1*)text + pos;
                      ^
  regex_3/_regex.c:765:13: error: use of undeclared identifier 'Py_UCS1'
      return (Py_UCS1*)text + pos;
              ^
  regex_3/_regex.c:770:23: error: expected expression
      return *((Py_UCS2*)text + pos);
                        ^
  regex_3/_regex.c:770:15: error: use of undeclared identifier 'Py_UCS2'
      return *((Py_UCS2*)text + pos);
                ^
  regex_3/_regex.c:775:16: error: expected expression
      *((Py_UCS2*)text + pos) = (Py_UCS2)ch;
                 ^
  regex_3/_regex.c:775:8: error: use of undeclared identifier 'Py_UCS2'
      *((Py_UCS2*)text + pos) = (Py_UCS2)ch;
         ^
  regex_3/_regex.c:775:32: error: use of undeclared identifier 'Py_UCS2'
      *((Py_UCS2*)text + pos) = (Py_UCS2)ch;
                                 ^
  regex_3/_regex.c:780:21: error: expected expression
      return (Py_UCS2*)text + pos;
                      ^
  regex_3/_regex.c:780:13: error: use of undeclared identifier 'Py_UCS2'
      return (Py_UCS2*)text + pos;
              ^
  regex_3/_regex.c:2103:25: error: use of undeclared identifier 'PyExc_TimeoutError'; did you mean 'PyExc_ImportError'?
          PyErr_SetString(PyExc_TimeoutError, "regex timed out");
                          ^~~~~~~~~~~~~~~~~~
                          PyExc_ImportError
  /Library/Frameworks/Python.framework/Versions/2.7/include/python2.7/pyerrors.h:134:24: note: 'PyExc_ImportError' declared here
  PyAPI_DATA(PyObject *) PyExc_ImportError;
                         ^
  regex_3/_regex.c:3468:9: error: unknown type name 'Py_UCS1'; did you mean 'Py_UCS4'?
          Py_UCS1* text_ptr;
          ^~~~~~~
          Py_UCS4
  /Library/Frameworks/Python.framework/Versions/2.7/include/python2.7/unicodeobject.h:128:22: note: 'Py_UCS4' declared here
  typedef unsigned int Py_UCS4;
                       ^
  regex_3/_regex.c:3469:9: error: unknown type name 'Py_UCS1'; did you mean 'Py_UCS4'?
          Py_UCS1* limit_ptr;
          ^~~~~~~
          Py_UCS4
  /Library/Frameworks/Python.framework/Versions/2.7/include/python2.7/unicodeobject.h:128:22: note: 'Py_UCS4' declared here
  typedef unsigned int Py_UCS4;
                       ^
  regex_3/_regex.c:3471:29: error: expected expression
          text_ptr = (Py_UCS1*)text + text_pos;
                              ^
  regex_3/_regex.c:3471:21: error: use of undeclared identifier 'Py_UCS1'
          text_ptr = (Py_UCS1*)text + text_pos;
                      ^
  fatal error: too many errors emitted, stopping now [-ferror-limit=]
  20 errors generated.
  error: command 'gcc' failed with exit status 1
  ----------------------------------------
  ERROR: Failed building wheel for regex
  Running setup.py clean for regex
  Building wheel for sentencepiece (setup.py): started
  Building wheel for sentencepiece (setup.py): finished with status 'error'
  ERROR: Command errored out with exit status 1:
   command: /Library/Frameworks/Python.framework/Versions/2.7/Resources/Python.app/Contents/MacOS/Python -u -c 'import sys, setuptools, tokenize; sys.argv[0] = '"'"'/private/var/folders/62/kz3n794d7s72h1k6l5k61zjh0000gp/T/pip-install-CHM6kn/sentencepiece/setup.py'"'"'; __file__='"'"'/private/var/folders/62/kz3n794d7s72h1k6l5k61zjh0000gp/T/pip-install-CHM6kn/sentencepiece/setup.py'"'"';f=getattr(tokenize, '"'"'open'"'"', open)(__file__);code=f.read().replace('"'"'\r\n'"'"', '"'"'\n'"'"');f.close();exec(compile(code, __file__, '"'"'exec'"'"'))' bdist_wheel -d /private/var/folders/62/kz3n794d7s72h1k6l5k61zjh0000gp/T/pip-wheel-IAa3mI
       cwd: /private/var/folders/62/kz3n794d7s72h1k6l5k61zjh0000gp/T/pip-install-CHM6kn/sentencepiece/
  Complete output (189 lines):
  running bdist_wheel
  running build
  running build_py
  creating build
  creating build/lib.macosx-10.9-x86_64-2.7
  creating build/lib.macosx-10.9-x86_64-2.7/sentencepiece
  copying src/sentencepiece/__init__.py -> build/lib.macosx-10.9-x86_64-2.7/sentencepiece
  copying src/sentencepiece/_version.py -> build/lib.macosx-10.9-x86_64-2.7/sentencepiece
  copying src/sentencepiece/sentencepiece_model_pb2.py -> build/lib.macosx-10.9-x86_64-2.7/sentencepiece
  copying src/sentencepiece/sentencepiece_pb2.py -> build/lib.macosx-10.9-x86_64-2.7/sentencepiece
  running build_ext
  /bin/sh: pkg-config: command not found
  Cloning into 'sentencepiece'...
  Note: switching to '58f256cf6f01bb86e6fa634a5cc560de5bd1667d'.
  
  You are in 'detached HEAD' state. You can look around, make experimental
  changes and commit them, and you can discard any commits you make in this
  state without impacting any branches by switching back to a branch.
  
  If you want to create a new branch to retain commits you create, you may
  do so (now or later) by using -c with the switch command. Example:
  
    git switch -c <new-branch-name>
  
  Or undo this operation with:
  
    git switch -
  
  Turn off this advice by setting config variable advice.detachedHead to false
  
  -- VERSION: 0.1.97
  -- The C compiler identification is AppleClang 14.0.0.14000029
  -- The CXX compiler identification is AppleClang 14.0.0.14000029
  -- Detecting C compiler ABI info
  -- Detecting C compiler ABI info - done
  -- Check for working C compiler: /Applications/Xcode.app/Contents/Developer/Toolchains/XcodeDefault.xctoolchain/usr/bin/cc - skipped
  -- Detecting C compile features
  -- Detecting C compile features - done
  -- Detecting CXX compiler ABI info
  -- Detecting CXX compiler ABI info - done
  -- Check for working CXX compiler: /Applications/Xcode.app/Contents/Developer/Toolchains/XcodeDefault.xctoolchain/usr/bin/c++ - skipped
  -- Detecting CXX compile features
  -- Detecting CXX compile features - done
  -- Performing Test CMAKE_HAVE_LIBC_PTHREAD
  -- Performing Test CMAKE_HAVE_LIBC_PTHREAD - Success
  -- Found Threads: TRUE
  -- Not Found TCMalloc: TCMALLOC_LIB-NOTFOUND
  -- Configuring done
  -- Generating done
  -- Build files have been written to: /private/var/folders/62/kz3n794d7s72h1k6l5k61zjh0000gp/T/pip-install-CHM6kn/sentencepiece/bundled
  ./build_bundled.sh: line 20: nproc: command not found
  [  1%] Building CXX object src/CMakeFiles/sentencepiece_train-static.dir/word_model_trainer.cc.o
  [  3%] Building CXX object src/CMakeFiles/sentencepiece-static.dir/__/third_party/protobuf-lite/coded_stream.cc.o
  [  4%] Building CXX object src/CMakeFiles/sentencepiece_train-static.dir/builder.cc.o
  [  6%] Building CXX object src/CMakeFiles/sentencepiece_train-static.dir/trainer_interface.cc.o
  [  8%] Building CXX object src/CMakeFiles/sentencepiece-static.dir/__/third_party/protobuf-lite/arena.cc.o
  [  9%] Building CXX object src/CMakeFiles/sentencepiece_train-static.dir/trainer_factory.cc.o
  [ 11%] Building CXX object src/CMakeFiles/sentencepiece_train-static.dir/unicode_script.cc.o
  [ 12%] Building CXX object src/CMakeFiles/sentencepiece_train-static.dir/unigram_model_trainer.cc.o
  [ 14%] Building CXX object src/CMakeFiles/sentencepiece-static.dir/__/third_party/protobuf-lite/common.cc.o
  [ 16%] Building CXX object src/CMakeFiles/sentencepiece-static.dir/__/third_party/protobuf-lite/arenastring.cc.o
  [ 17%] Building CXX object src/CMakeFiles/sentencepiece_train-static.dir/char_model_trainer.cc.o
  [ 19%] Building CXX object src/CMakeFiles/sentencepiece-static.dir/__/third_party/protobuf-lite/bytestream.cc.o
  [ 20%] Building CXX object src/CMakeFiles/sentencepiece-static.dir/__/third_party/protobuf-lite/implicit_weak_message.cc.o
  [ 22%] Building CXX object src/CMakeFiles/sentencepiece_train-static.dir/pretokenizer_for_training.cc.o
  [ 24%] Building CXX object src/CMakeFiles/sentencepiece-static.dir/__/third_party/protobuf-lite/generated_enum_util.cc.o
  [ 25%] Building CXX object src/CMakeFiles/sentencepiece-static.dir/__/third_party/protobuf-lite/generated_message_table_driven_lite.cc.o
  [ 29%] Building CXX object src/CMakeFiles/sentencepiece-static.dir/__/third_party/protobuf-lite/io_win32.cc.o
  [ 29%] Building CXX object src/CMakeFiles/sentencepiece_train-static.dir/bpe_model_trainer.cc.o
  [ 30%] Building CXX object src/CMakeFiles/sentencepiece_train-static.dir/sentencepiece_trainer.cc.o
  [ 32%] Building CXX object src/CMakeFiles/sentencepiece-static.dir/__/third_party/protobuf-lite/extension_set.cc.o
  [ 33%] Building CXX object src/CMakeFiles/sentencepiece-static.dir/__/third_party/protobuf-lite/message_lite.cc.o
  [ 35%] Building CXX object src/CMakeFiles/sentencepiece-static.dir/__/third_party/protobuf-lite/generated_message_util.cc.o
  [ 37%] Building CXX object src/CMakeFiles/sentencepiece-static.dir/__/third_party/protobuf-lite/int128.cc.o
  [ 38%] Building CXX object src/CMakeFiles/sentencepiece-static.dir/__/third_party/protobuf-lite/repeated_field.cc.o
  [ 40%] Building CXX object src/CMakeFiles/sentencepiece-static.dir/__/third_party/protobuf-lite/parse_context.cc.o
  [ 41%] Building CXX object src/CMakeFiles/sentencepiece-static.dir/__/third_party/protobuf-lite/status.cc.o
  [ 43%] Building CXX object src/CMakeFiles/sentencepiece-static.dir/__/third_party/protobuf-lite/statusor.cc.o
  [ 45%] Building CXX object src/CMakeFiles/sentencepiece-static.dir/__/third_party/protobuf-lite/strutil.cc.o
  [ 46%] Building CXX object src/CMakeFiles/sentencepiece-static.dir/__/third_party/protobuf-lite/stringpiece.cc.o
  [ 48%] Building CXX object src/CMakeFiles/sentencepiece-static.dir/__/third_party/protobuf-lite/time.cc.o
  [ 50%] Building CXX object src/CMakeFiles/sentencepiece-static.dir/__/third_party/protobuf-lite/structurally_valid.cc.o
  [ 51%] Building CXX object src/CMakeFiles/sentencepiece-static.dir/__/third_party/protobuf-lite/wire_format_lite.cc.o
  [ 54%] Building CXX object src/CMakeFiles/sentencepiece-static.dir/__/third_party/protobuf-lite/zero_copy_stream_impl.cc.o
  [ 54%] Building CXX object src/CMakeFiles/sentencepiece-static.dir/__/third_party/protobuf-lite/zero_copy_stream_impl_lite.cc.o
  [ 56%] Building CXX object src/CMakeFiles/sentencepiece-static.dir/char_model.cc.o
  [ 59%] Building CXX object src/CMakeFiles/sentencepiece-static.dir/__/third_party/protobuf-lite/stringprintf.cc.o
  [ 58%] Building CXX object src/CMakeFiles/sentencepiece-static.dir/__/third_party/protobuf-lite/zero_copy_stream.cc.o
  [ 61%] Building CXX object src/CMakeFiles/sentencepiece-static.dir/builtin_pb/sentencepiece.pb.cc.o
  [ 62%] Building CXX object src/CMakeFiles/sentencepiece-static.dir/bpe_model.cc.o
  [ 64%] Building CXX object src/CMakeFiles/sentencepiece-static.dir/error.cc.o
  [ 66%] Building CXX object src/CMakeFiles/sentencepiece-static.dir/model_factory.cc.o
  [ 67%] Building CXX object src/CMakeFiles/sentencepiece-static.dir/builtin_pb/sentencepiece_model.pb.cc.o
  [ 69%] Building CXX object src/CMakeFiles/sentencepiece-static.dir/model_interface.cc.o
  [ 72%] Building CXX object src/CMakeFiles/sentencepiece-static.dir/normalizer.cc.o
  [ 72%] Building CXX object src/CMakeFiles/sentencepiece-static.dir/filesystem.cc.o
  [ 74%] Building CXX object src/CMakeFiles/sentencepiece-static.dir/unigram_model.cc.o
  [ 75%] Building CXX object src/CMakeFiles/sentencepiece-static.dir/util.cc.o
  [ 77%] Building CXX object src/CMakeFiles/sentencepiece-static.dir/sentencepiece_processor.cc.o
  [ 79%] Building CXX object src/CMakeFiles/sentencepiece-static.dir/word_model.cc.o
  [ 80%] Building CXX object src/CMakeFiles/sentencepiece-static.dir/__/third_party/absl/flags/flag.cc.o
  /private/var/folders/62/kz3n794d7s72h1k6l5k61zjh0000gp/T/pip-install-CHM6kn/sentencepiece/sentencepiece/third_party/protobuf-lite/strutil.cc:506:11: warning: 'sprintf' is deprecated: This function is provided for compatibility reasons only.  Due to security concerns inherent in the design of sprintf(3), it is highly recommended that you use snprintf(3) instead. [-Wdeprecated-declarations]
            sprintf(dest + used, (use_hex ? "\\x%02x" : "\\%03o"),
            ^
  /Applications/Xcode.app/Contents/Developer/Platforms/MacOSX.platform/Developer/SDKs/MacOSX13.0.sdk/usr/include/stdio.h:188:1: note: 'sprintf' has been explicitly marked deprecated here
  __deprecated_msg("This function is provided for compatibility reasons only.  Due to security concerns inherent in the design of sprintf(3), it is highly recommended that you use snprintf(3) instead.")
  ^
  /Applications/Xcode.app/Contents/Developer/Platforms/MacOSX.platform/Developer/SDKs/MacOSX13.0.sdk/usr/include/sys/cdefs.h:215:48: note: expanded from macro '__deprecated_msg'
          #define __deprecated_msg(_msg) __attribute__((__deprecated__(_msg)))
                                                        ^
  /private/var/folders/62/kz3n794d7s72h1k6l5k61zjh0000gp/T/pip-install-CHM6kn/sentencepiece/sentencepiece/src/builder.cc:47:15: warning: unused variable 'kMaxUnicode' [-Wunused-const-variable]
  constexpr int kMaxUnicode = 0x10FFFF;
                ^
  /private/var/folders/62/kz3n794d7s72h1k6l5k61zjh0000gp/T/pip-install-CHM6kn/sentencepiece/sentencepiece/src/builder.cc:49:23: warning: unused variable 'kDefaultNormalizerName' [-Wunused-const-variable]
  static constexpr char kDefaultNormalizerName[] = "nfkc";
                        ^
  1 warning generated.
  2 warnings generated.
  [ 82%] Linking CXX static library libsentencepiece.a
  /Applications/Xcode.app/Contents/Developer/Toolchains/XcodeDefault.xctoolchain/usr/bin/ranlib: file: libsentencepiece.a(io_win32.cc.o) has no symbols
  /Applications/Xcode.app/Contents/Developer/Toolchains/XcodeDefault.xctoolchain/usr/bin/ranlib: file: libsentencepiece.a(io_win32.cc.o) has no symbols
  [ 82%] Built target sentencepiece-static
  [ 85%] Building CXX object src/CMakeFiles/spm_export_vocab.dir/spm_export_vocab_main.cc.o
  [ 85%] Building CXX object src/CMakeFiles/spm_encode.dir/spm_encode_main.cc.o
  [ 87%] Building CXX object src/CMakeFiles/spm_decode.dir/spm_decode_main.cc.o
  [ 88%] Linking CXX static library libsentencepiece_train.a
  [ 88%] Built target sentencepiece_train-static
  [ 91%] Building CXX object src/CMakeFiles/spm_train.dir/spm_train_main.cc.o
  [ 91%] Building CXX object src/CMakeFiles/spm_normalize.dir/spm_normalize_main.cc.o
  [ 93%] Linking CXX executable spm_export_vocab
  [ 93%] Built target spm_export_vocab
  [ 95%] Linking CXX executable spm_decode
  [ 95%] Built target spm_decode
  [ 96%] Linking CXX executable spm_normalize
  [ 96%] Built target spm_normalize
  [ 98%] Linking CXX executable spm_train
  [ 98%] Built target spm_train
  [100%] Linking CXX executable spm_encode
  [100%] Built target spm_encode
  Install the project...
  -- Install configuration: ""
  -- Installing: /private/var/folders/62/kz3n794d7s72h1k6l5k61zjh0000gp/T/pip-install-CHM6kn/sentencepiece/bundled/root/lib/pkgconfig/sentencepiece.pc
  -- Installing: /private/var/folders/62/kz3n794d7s72h1k6l5k61zjh0000gp/T/pip-install-CHM6kn/sentencepiece/bundled/root/lib/libsentencepiece.a
  /Applications/Xcode.app/Contents/Developer/Toolchains/XcodeDefault.xctoolchain/usr/bin/ranlib: file: /private/var/folders/62/kz3n794d7s72h1k6l5k61zjh0000gp/T/pip-install-CHM6kn/sentencepiece/bundled/root/lib/libsentencepiece.a(io_win32.cc.o) has no symbols
  -- Installing: /private/var/folders/62/kz3n794d7s72h1k6l5k61zjh0000gp/T/pip-install-CHM6kn/sentencepiece/bundled/root/lib/libsentencepiece_train.a
  -- Installing: /private/var/folders/62/kz3n794d7s72h1k6l5k61zjh0000gp/T/pip-install-CHM6kn/sentencepiece/bundled/root/bin/spm_encode
  -- Installing: /private/var/folders/62/kz3n794d7s72h1k6l5k61zjh0000gp/T/pip-install-CHM6kn/sentencepiece/bundled/root/bin/spm_decode
  -- Installing: /private/var/folders/62/kz3n794d7s72h1k6l5k61zjh0000gp/T/pip-install-CHM6kn/sentencepiece/bundled/root/bin/spm_normalize
  -- Installing: /private/var/folders/62/kz3n794d7s72h1k6l5k61zjh0000gp/T/pip-install-CHM6kn/sentencepiece/bundled/root/bin/spm_train
  -- Installing: /private/var/folders/62/kz3n794d7s72h1k6l5k61zjh0000gp/T/pip-install-CHM6kn/sentencepiece/bundled/root/bin/spm_export_vocab
  -- Installing: /private/var/folders/62/kz3n794d7s72h1k6l5k61zjh0000gp/T/pip-install-CHM6kn/sentencepiece/bundled/root/include/sentencepiece_trainer.h
  -- Installing: /private/var/folders/62/kz3n794d7s72h1k6l5k61zjh0000gp/T/pip-install-CHM6kn/sentencepiece/bundled/root/include/sentencepiece_processor.h
  ## cflags=-std=c++17 -I./bundled/root/include -mmacosx-version-min=10.9
  ## libs=./bundled/root/lib/libsentencepiece.a ./bundled/root/lib/libsentencepiece_train.a
  building 'sentencepiece._sentencepiece' extension
  creating build/temp.macosx-10.9-x86_64-2.7
  creating build/temp.macosx-10.9-x86_64-2.7/src
  creating build/temp.macosx-10.9-x86_64-2.7/src/sentencepiece
  gcc -fno-strict-aliasing -fno-common -dynamic -arch x86_64 -g -DNDEBUG -g -fwrapv -O3 -Wall -Wstrict-prototypes -I/Library/Frameworks/Python.framework/Versions/2.7/include/python2.7 -c src/sentencepiece/sentencepiece_wrap.cxx -o build/temp.macosx-10.9-x86_64-2.7/src/sentencepiece/sentencepiece_wrap.o -std=c++17 -I./bundled/root/include -mmacosx-version-min=10.9
  In file included from src/sentencepiece/sentencepiece_wrap.cxx:178:
  In file included from /Library/Frameworks/Python.framework/Versions/2.7/include/python2.7/Python.h:88:
  /Library/Frameworks/Python.framework/Versions/2.7/include/python2.7/unicodeobject.h:534:5: error: ISO C++17 does not allow 'register' storage class specifier [-Wregister]
      register PyObject *obj,     /* Object */
      ^~~~~~~~~
  /Library/Frameworks/Python.framework/Versions/2.7/include/python2.7/unicodeobject.h:553:5: error: ISO C++17 does not allow 'register' storage class specifier [-Wregister]
      register PyObject *obj      /* Object */
      ^~~~~~~~~
  /Library/Frameworks/Python.framework/Versions/2.7/include/python2.7/unicodeobject.h:575:5: error: ISO C++17 does not allow 'register' storage class specifier [-Wregister]
      register const wchar_t *w,  /* wchar_t buffer */
      ^~~~~~~~~
  /Library/Frameworks/Python.framework/Versions/2.7/include/python2.7/unicodeobject.h:593:5: error: ISO C++17 does not allow 'register' storage class specifier [-Wregister]
      register wchar_t *w,        /* wchar_t buffer */
      ^~~~~~~~~
  In file included from src/sentencepiece/sentencepiece_wrap.cxx:178:
  In file included from /Library/Frameworks/Python.framework/Versions/2.7/include/python2.7/Python.h:97:
  /Library/Frameworks/Python.framework/Versions/2.7/include/python2.7/stringobject.h:173:5: error: ISO C++17 does not allow 'register' storage class specifier [-Wregister]
      register PyObject *obj,     /* string or Unicode object */
      ^~~~~~~~~
  /Library/Frameworks/Python.framework/Versions/2.7/include/python2.7/stringobject.h:174:5: error: ISO C++17 does not allow 'register' storage class specifier [-Wregister]
      register char **s,          /* pointer to buffer variable */
      ^~~~~~~~~
  /Library/Frameworks/Python.framework/Versions/2.7/include/python2.7/stringobject.h:175:5: error: ISO C++17 does not allow 'register' storage class specifier [-Wregister]
      register Py_ssize_t *len    /* pointer to length variable or NULL
      ^~~~~~~~~
  src/sentencepiece/sentencepiece_wrap.cxx:2841:33: error: use of undeclared identifier 'PyUnicode_AsUTF8AndSize'
        str_ = const_cast<char *>(PyUnicode_AsUTF8AndSize(obj, &size_));
                                  ^
  8 errors generated.
  error: command 'gcc' failed with exit status 1
  ----------------------------------------
  ERROR: Failed building wheel for sentencepiece
  Running setup.py clean for sentencepiece
Failed to build regex sentencepiece
Installing collected packages: regex, click, joblib, sacremoses, sentencepiece, transformers
    Running setup.py install for regex: started
    Running setup.py install for regex: finished with status 'error'
    ERROR: Command errored out with exit status 1:
     command: /Library/Frameworks/Python.framework/Versions/2.7/Resources/Python.app/Contents/MacOS/Python -u -c 'import sys, setuptools, tokenize; sys.argv[0] = '"'"'/private/var/folders/62/kz3n794d7s72h1k6l5k61zjh0000gp/T/pip-install-CHM6kn/regex/setup.py'"'"'; __file__='"'"'/private/var/folders/62/kz3n794d7s72h1k6l5k61zjh0000gp/T/pip-install-CHM6kn/regex/setup.py'"'"';f=getattr(tokenize, '"'"'open'"'"', open)(__file__);code=f.read().replace('"'"'\r\n'"'"', '"'"'\n'"'"');f.close();exec(compile(code, __file__, '"'"'exec'"'"'))' install --record /private/var/folders/62/kz3n794d7s72h1k6l5k61zjh0000gp/T/pip-record-cyDovD/install-record.txt --single-version-externally-managed --compile --install-headers /Library/Frameworks/Python.framework/Versions/2.7/include/python2.7/regex
         cwd: /private/var/folders/62/kz3n794d7s72h1k6l5k61zjh0000gp/T/pip-install-CHM6kn/regex/
    Complete output (87 lines):
    running install
    running build
    running build_py
    creating build
    creating build/lib.macosx-10.9-x86_64-2.7
    creating build/lib.macosx-10.9-x86_64-2.7/regex
    copying regex_3/__init__.py -> build/lib.macosx-10.9-x86_64-2.7/regex
    copying regex_3/regex.py -> build/lib.macosx-10.9-x86_64-2.7/regex
    copying regex_3/_regex_core.py -> build/lib.macosx-10.9-x86_64-2.7/regex
    copying regex_3/test_regex.py -> build/lib.macosx-10.9-x86_64-2.7/regex
    running build_ext
    building 'regex._regex' extension
    creating build/temp.macosx-10.9-x86_64-2.7
    creating build/temp.macosx-10.9-x86_64-2.7/regex_3
    gcc -fno-strict-aliasing -fno-common -dynamic -arch x86_64 -g -DNDEBUG -g -fwrapv -O3 -Wall -Wstrict-prototypes -I/Library/Frameworks/Python.framework/Versions/2.7/include/python2.7 -c regex_3/_regex.c -o build/temp.macosx-10.9-x86_64-2.7/regex_3/_regex.o
    regex_3/_regex.c:755:23: error: expected expression
        return *((Py_UCS1*)text + pos);
                          ^
    regex_3/_regex.c:755:15: error: use of undeclared identifier 'Py_UCS1'
        return *((Py_UCS1*)text + pos);
                  ^
    regex_3/_regex.c:760:16: error: expected expression
        *((Py_UCS1*)text + pos) = (Py_UCS1)ch;
                   ^
    regex_3/_regex.c:760:8: error: use of undeclared identifier 'Py_UCS1'
        *((Py_UCS1*)text + pos) = (Py_UCS1)ch;
           ^
    regex_3/_regex.c:760:32: error: use of undeclared identifier 'Py_UCS1'
        *((Py_UCS1*)text + pos) = (Py_UCS1)ch;
                                   ^
    regex_3/_regex.c:765:21: error: expected expression
        return (Py_UCS1*)text + pos;
                        ^
    regex_3/_regex.c:765:13: error: use of undeclared identifier 'Py_UCS1'
        return (Py_UCS1*)text + pos;
                ^
    regex_3/_regex.c:770:23: error: expected expression
        return *((Py_UCS2*)text + pos);
                          ^
    regex_3/_regex.c:770:15: error: use of undeclared identifier 'Py_UCS2'
        return *((Py_UCS2*)text + pos);
                  ^
    regex_3/_regex.c:775:16: error: expected expression
        *((Py_UCS2*)text + pos) = (Py_UCS2)ch;
                   ^
    regex_3/_regex.c:775:8: error: use of undeclared identifier 'Py_UCS2'
        *((Py_UCS2*)text + pos) = (Py_UCS2)ch;
           ^
    regex_3/_regex.c:775:32: error: use of undeclared identifier 'Py_UCS2'
        *((Py_UCS2*)text + pos) = (Py_UCS2)ch;
                                   ^
    regex_3/_regex.c:780:21: error: expected expression
        return (Py_UCS2*)text + pos;
                        ^
    regex_3/_regex.c:780:13: error: use of undeclared identifier 'Py_UCS2'
        return (Py_UCS2*)text + pos;
                ^
    regex_3/_regex.c:2103:25: error: use of undeclared identifier 'PyExc_TimeoutError'; did you mean 'PyExc_ImportError'?
            PyErr_SetString(PyExc_TimeoutError, "regex timed out");
                            ^~~~~~~~~~~~~~~~~~
                            PyExc_ImportError
    /Library/Frameworks/Python.framework/Versions/2.7/include/python2.7/pyerrors.h:134:24: note: 'PyExc_ImportError' declared here
    PyAPI_DATA(PyObject *) PyExc_ImportError;
                           ^
    regex_3/_regex.c:3468:9: error: unknown type name 'Py_UCS1'; did you mean 'Py_UCS4'?
            Py_UCS1* text_ptr;
            ^~~~~~~
            Py_UCS4
    /Library/Frameworks/Python.framework/Versions/2.7/include/python2.7/unicodeobject.h:128:22: note: 'Py_UCS4' declared here
    typedef unsigned int Py_UCS4;
                         ^
    regex_3/_regex.c:3469:9: error: unknown type name 'Py_UCS1'; did you mean 'Py_UCS4'?
            Py_UCS1* limit_ptr;
            ^~~~~~~
            Py_UCS4
    /Library/Frameworks/Python.framework/Versions/2.7/include/python2.7/unicodeobject.h:128:22: note: 'Py_UCS4' declared here
    typedef unsigned int Py_UCS4;
                         ^
    regex_3/_regex.c:3471:29: error: expected expression
            text_ptr = (Py_UCS1*)text + text_pos;
                                ^
    regex_3/_regex.c:3471:21: error: use of undeclared identifier 'Py_UCS1'
            text_ptr = (Py_UCS1*)text + text_pos;
                        ^
    fatal error: too many errors emitted, stopping now [-ferror-limit=]
    20 errors generated.
    error: command 'gcc' failed with exit status 1
    ----------------------------------------
ERROR: Command errored out with exit status 1: /Library/Frameworks/Python.framework/Versions/2.7/Resources/Python.app/Contents/MacOS/Python -u -c 'import sys, setuptools, tokenize; sys.argv[0] = '"'"'/private/var/folders/62/kz3n794d7s72h1k6l5k61zjh0000gp/T/pip-install-CHM6kn/regex/setup.py'"'"'; __file__='"'"'/private/var/folders/62/kz3n794d7s72h1k6l5k61zjh0000gp/T/pip-install-CHM6kn/regex/setup.py'"'"';f=getattr(tokenize, '"'"'open'"'"', open)(__file__);code=f.read().replace('"'"'\r\n'"'"', '"'"'\n'"'"');f.close();exec(compile(code, __file__, '"'"'exec'"'"'))' install --record /private/var/folders/62/kz3n794d7s72h1k6l5k61zjh0000gp/T/pip-record-cyDovD/install-record.txt --single-version-externally-managed --compile --install-headers /Library/Frameworks/Python.framework/Versions/2.7/include/python2.7/regex Check the logs for full command output.
